<?xml version="1.0" encoding="UTF-8"?>
<testsuite xmlns:xsi="http://www.w3.org/2001/XMLSchema-instance" xsi:noNamespaceSchemaLocation="https://maven.apache.org/surefire/maven-surefire-plugin/xsd/surefire-test-report.xsd" name="com.lmxdawn.him.api.service.group.impl.GroupServiceImplTest" time="23.655" tests="5" errors="0" skipped="0" failures="0">
  <properties>
    <property name="sun.desktop" value="windows"/>
    <property name="awt.toolkit" value="sun.awt.windows.WToolkit"/>
    <property name="file.encoding.pkg" value="sun.io"/>
    <property name="java.specification.version" value="1.8"/>
    <property name="sun.cpu.isalist" value="amd64"/>
    <property name="sun.jnu.encoding" value="GBK"/>
    <property name="java.class.path" value="D:\ProjectData\github\him-vue-netty\him-netty-master\him-api\target\test-classes;D:\ProjectData\github\him-vue-netty\him-netty-master\him-api\target\classes;D:\ProjectData\github\him-vue-netty\him-netty-master\him-common\target\him-common-0.0.1-SNAPSHOT.jar;D:\repo\org\springframework\boot\spring-boot-devtools\2.1.2.RELEASE\spring-boot-devtools-2.1.2.RELEASE.jar;D:\repo\org\springframework\boot\spring-boot\2.1.2.RELEASE\spring-boot-2.1.2.RELEASE.jar;D:\repo\org\springframework\spring-context\5.1.4.RELEASE\spring-context-5.1.4.RELEASE.jar;D:\repo\org\springframework\boot\spring-boot-autoconfigure\2.1.2.RELEASE\spring-boot-autoconfigure-2.1.2.RELEASE.jar;D:\repo\org\springframework\boot\spring-boot-starter-web\2.1.2.RELEASE\spring-boot-starter-web-2.1.2.RELEASE.jar;D:\repo\org\springframework\boot\spring-boot-starter\2.1.2.RELEASE\spring-boot-starter-2.1.2.RELEASE.jar;D:\repo\org\springframework\boot\spring-boot-starter-logging\2.1.2.RELEASE\spring-boot-starter-logging-2.1.2.RELEASE.jar;D:\repo\ch\qos\logback\logback-classic\1.2.3\logback-classic-1.2.3.jar;D:\repo\ch\qos\logback\logback-core\1.2.3\logback-core-1.2.3.jar;D:\repo\org\apache\logging\log4j\log4j-to-slf4j\2.11.1\log4j-to-slf4j-2.11.1.jar;D:\repo\org\apache\logging\log4j\log4j-api\2.11.1\log4j-api-2.11.1.jar;D:\repo\org\slf4j\jul-to-slf4j\1.7.25\jul-to-slf4j-1.7.25.jar;D:\repo\javax\annotation\javax.annotation-api\1.3.2\javax.annotation-api-1.3.2.jar;D:\repo\org\yaml\snakeyaml\1.23\snakeyaml-1.23.jar;D:\repo\org\springframework\boot\spring-boot-starter-json\2.1.2.RELEASE\spring-boot-starter-json-2.1.2.RELEASE.jar;D:\repo\com\fasterxml\jackson\datatype\jackson-datatype-jdk8\2.9.8\jackson-datatype-jdk8-2.9.8.jar;D:\repo\com\fasterxml\jackson\datatype\jackson-datatype-jsr310\2.9.8\jackson-datatype-jsr310-2.9.8.jar;D:\repo\com\fasterxml\jackson\module\jackson-module-parameter-names\2.9.8\jackson-module-parameter-names-2.9.8.jar;D:\repo\org\springframework\boot\spring-boot-starter-tomcat\2.1.2.RELEASE\spring-boot-starter-tomcat-2.1.2.RELEASE.jar;D:\repo\org\apache\tomcat\embed\tomcat-embed-core\9.0.14\tomcat-embed-core-9.0.14.jar;D:\repo\org\apache\tomcat\embed\tomcat-embed-el\9.0.14\tomcat-embed-el-9.0.14.jar;D:\repo\org\apache\tomcat\embed\tomcat-embed-websocket\9.0.14\tomcat-embed-websocket-9.0.14.jar;D:\repo\org\hibernate\validator\hibernate-validator\6.0.14.Final\hibernate-validator-6.0.14.Final.jar;D:\repo\javax\validation\validation-api\2.0.1.Final\validation-api-2.0.1.Final.jar;D:\repo\org\jboss\logging\jboss-logging\3.3.2.Final\jboss-logging-3.3.2.Final.jar;D:\repo\com\fasterxml\classmate\1.4.0\classmate-1.4.0.jar;D:\repo\org\springframework\spring-web\5.1.4.RELEASE\spring-web-5.1.4.RELEASE.jar;D:\repo\org\springframework\spring-beans\5.1.4.RELEASE\spring-beans-5.1.4.RELEASE.jar;D:\repo\org\springframework\spring-webmvc\5.1.4.RELEASE\spring-webmvc-5.1.4.RELEASE.jar;D:\repo\org\springframework\spring-expression\5.1.4.RELEASE\spring-expression-5.1.4.RELEASE.jar;D:\repo\org\springframework\boot\spring-boot-starter-test\2.1.2.RELEASE\spring-boot-starter-test-2.1.2.RELEASE.jar;D:\repo\org\springframework\boot\spring-boot-test\2.1.2.RELEASE\spring-boot-test-2.1.2.RELEASE.jar;D:\repo\org\springframework\boot\spring-boot-test-autoconfigure\2.1.2.RELEASE\spring-boot-test-autoconfigure-2.1.2.RELEASE.jar;D:\repo\com\jayway\jsonpath\json-path\2.4.0\json-path-2.4.0.jar;D:\repo\net\minidev\json-smart\2.3\json-smart-2.3.jar;D:\repo\net\minidev\accessors-smart\1.2\accessors-smart-1.2.jar;D:\repo\org\ow2\asm\asm\5.0.4\asm-5.0.4.jar;D:\repo\org\slf4j\slf4j-api\1.7.25\slf4j-api-1.7.25.jar;D:\repo\junit\junit\4.12\junit-4.12.jar;D:\repo\org\assertj\assertj-core\3.11.1\assertj-core-3.11.1.jar;D:\repo\org\mockito\mockito-core\2.23.4\mockito-core-2.23.4.jar;D:\repo\net\bytebuddy\byte-buddy\1.9.7\byte-buddy-1.9.7.jar;D:\repo\net\bytebuddy\byte-buddy-agent\1.9.7\byte-buddy-agent-1.9.7.jar;D:\repo\org\objenesis\objenesis\2.6\objenesis-2.6.jar;D:\repo\org\hamcrest\hamcrest-core\1.3\hamcrest-core-1.3.jar;D:\repo\org\hamcrest\hamcrest-library\1.3\hamcrest-library-1.3.jar;D:\repo\org\skyscreamer\jsonassert\1.5.0\jsonassert-1.5.0.jar;D:\repo\com\vaadin\external\google\android-json\0.0.20131108.vaadin1\android-json-0.0.20131108.vaadin1.jar;D:\repo\org\springframework\spring-core\5.1.4.RELEASE\spring-core-5.1.4.RELEASE.jar;D:\repo\org\springframework\spring-jcl\5.1.4.RELEASE\spring-jcl-5.1.4.RELEASE.jar;D:\repo\org\springframework\spring-test\5.1.4.RELEASE\spring-test-5.1.4.RELEASE.jar;D:\repo\org\xmlunit\xmlunit-core\2.6.2\xmlunit-core-2.6.2.jar;D:\repo\org\springframework\boot\spring-boot-starter-aop\2.1.2.RELEASE\spring-boot-starter-aop-2.1.2.RELEASE.jar;D:\repo\org\springframework\spring-aop\5.1.4.RELEASE\spring-aop-5.1.4.RELEASE.jar;D:\repo\org\aspectj\aspectjweaver\1.9.2\aspectjweaver-1.9.2.jar;D:\repo\org\springframework\boot\spring-boot-starter-data-redis\2.1.2.RELEASE\spring-boot-starter-data-redis-2.1.2.RELEASE.jar;D:\repo\org\springframework\data\spring-data-redis\2.1.4.RELEASE\spring-data-redis-2.1.4.RELEASE.jar;D:\repo\org\springframework\data\spring-data-keyvalue\2.1.4.RELEASE\spring-data-keyvalue-2.1.4.RELEASE.jar;D:\repo\org\springframework\data\spring-data-commons\2.1.4.RELEASE\spring-data-commons-2.1.4.RELEASE.jar;D:\repo\org\springframework\spring-tx\5.1.4.RELEASE\spring-tx-5.1.4.RELEASE.jar;D:\repo\org\springframework\spring-oxm\5.1.4.RELEASE\spring-oxm-5.1.4.RELEASE.jar;D:\repo\org\springframework\spring-context-support\5.1.4.RELEASE\spring-context-support-5.1.4.RELEASE.jar;D:\repo\io\lettuce\lettuce-core\5.1.3.RELEASE\lettuce-core-5.1.3.RELEASE.jar;D:\repo\io\projectreactor\reactor-core\3.2.5.RELEASE\reactor-core-3.2.5.RELEASE.jar;D:\repo\org\reactivestreams\reactive-streams\1.0.2\reactive-streams-1.0.2.jar;D:\repo\io\netty\netty-common\4.1.42.Final\netty-common-4.1.42.Final.jar;D:\repo\io\netty\netty-transport\4.1.42.Final\netty-transport-4.1.42.Final.jar;D:\repo\io\netty\netty-buffer\4.1.42.Final\netty-buffer-4.1.42.Final.jar;D:\repo\io\netty\netty-resolver\4.1.42.Final\netty-resolver-4.1.42.Final.jar;D:\repo\io\netty\netty-handler\4.1.42.Final\netty-handler-4.1.42.Final.jar;D:\repo\io\netty\netty-codec\4.1.42.Final\netty-codec-4.1.42.Final.jar;D:\repo\com\alibaba\fastjson\1.2.51\fastjson-1.2.51.jar;D:\repo\com\alibaba\druid\1.1.12\druid-1.1.12.jar;D:\repo\mysql\mysql-connector-java\8.0.13\mysql-connector-java-8.0.13.jar;D:\repo\org\mybatis\spring\boot\mybatis-spring-boot-starter\1.3.2\mybatis-spring-boot-starter-1.3.2.jar;D:\repo\org\springframework\boot\spring-boot-starter-jdbc\2.1.2.RELEASE\spring-boot-starter-jdbc-2.1.2.RELEASE.jar;D:\repo\com\zaxxer\HikariCP\3.2.0\HikariCP-3.2.0.jar;D:\repo\org\springframework\spring-jdbc\5.1.4.RELEASE\spring-jdbc-5.1.4.RELEASE.jar;D:\repo\org\mybatis\spring\boot\mybatis-spring-boot-autoconfigure\1.3.2\mybatis-spring-boot-autoconfigure-1.3.2.jar;D:\repo\org\mybatis\mybatis\3.4.6\mybatis-3.4.6.jar;D:\repo\org\mybatis\mybatis-spring\1.3.2\mybatis-spring-1.3.2.jar;D:\repo\org\projectlombok\lombok\1.18.4\lombok-1.18.4.jar;D:\repo\io\jsonwebtoken\jjwt\0.9.1\jjwt-0.9.1.jar;D:\repo\com\fasterxml\jackson\core\jackson-databind\2.9.8\jackson-databind-2.9.8.jar;D:\repo\com\fasterxml\jackson\core\jackson-annotations\2.9.0\jackson-annotations-2.9.0.jar;D:\repo\com\fasterxml\jackson\core\jackson-core\2.9.8\jackson-core-2.9.8.jar;D:\repo\com\google\protobuf\protobuf-java\3.7.1\protobuf-java-3.7.1.jar;D:\repo\io\netty\netty-all\4.1.42.Final\netty-all-4.1.42.Final.jar;D:\repo\com\squareup\okhttp3\okhttp\3.8.1\okhttp-3.8.1.jar;D:\repo\com\squareup\okio\okio\1.13.0\okio-1.13.0.jar;D:\repo\org\apache\commons\commons-lang3\3.8.1\commons-lang3-3.8.1.jar;"/>
    <property name="java.vm.vendor" value="Oracle Corporation"/>
    <property name="sun.arch.data.model" value="64"/>
    <property name="user.variant" value=""/>
    <property name="java.vendor.url" value="http://java.oracle.com/"/>
    <property name="user.timezone" value="GMT+08:00"/>
    <property name="java.vm.specification.version" value="1.8"/>
    <property name="os.name" value="Windows 10"/>
    <property name="user.country" value="CN"/>
    <property name="sun.java.launcher" value="SUN_STANDARD"/>
    <property name="sun.boot.library.path" value="D:\SoftInstall\Java\jdk1.8.202\jre\bin"/>
    <property name="sun.java.command" value="d:\AppData\Local\Temp\surefire2189663892908933017\surefirebooter8125335341301113103.jar D:\AppData\Local\Temp\surefire2189663892908933017 2020-01-08T20-28-23_219-jvmRun1 surefire3878939905406372114tmp surefire_0633295877929979528tmp"/>
    <property name="surefire.test.class.path" value="D:\ProjectData\github\him-vue-netty\him-netty-master\him-api\target\test-classes;D:\ProjectData\github\him-vue-netty\him-netty-master\him-api\target\classes;D:\ProjectData\github\him-vue-netty\him-netty-master\him-common\target\him-common-0.0.1-SNAPSHOT.jar;D:\repo\org\springframework\boot\spring-boot-devtools\2.1.2.RELEASE\spring-boot-devtools-2.1.2.RELEASE.jar;D:\repo\org\springframework\boot\spring-boot\2.1.2.RELEASE\spring-boot-2.1.2.RELEASE.jar;D:\repo\org\springframework\spring-context\5.1.4.RELEASE\spring-context-5.1.4.RELEASE.jar;D:\repo\org\springframework\boot\spring-boot-autoconfigure\2.1.2.RELEASE\spring-boot-autoconfigure-2.1.2.RELEASE.jar;D:\repo\org\springframework\boot\spring-boot-starter-web\2.1.2.RELEASE\spring-boot-starter-web-2.1.2.RELEASE.jar;D:\repo\org\springframework\boot\spring-boot-starter\2.1.2.RELEASE\spring-boot-starter-2.1.2.RELEASE.jar;D:\repo\org\springframework\boot\spring-boot-starter-logging\2.1.2.RELEASE\spring-boot-starter-logging-2.1.2.RELEASE.jar;D:\repo\ch\qos\logback\logback-classic\1.2.3\logback-classic-1.2.3.jar;D:\repo\ch\qos\logback\logback-core\1.2.3\logback-core-1.2.3.jar;D:\repo\org\apache\logging\log4j\log4j-to-slf4j\2.11.1\log4j-to-slf4j-2.11.1.jar;D:\repo\org\apache\logging\log4j\log4j-api\2.11.1\log4j-api-2.11.1.jar;D:\repo\org\slf4j\jul-to-slf4j\1.7.25\jul-to-slf4j-1.7.25.jar;D:\repo\javax\annotation\javax.annotation-api\1.3.2\javax.annotation-api-1.3.2.jar;D:\repo\org\yaml\snakeyaml\1.23\snakeyaml-1.23.jar;D:\repo\org\springframework\boot\spring-boot-starter-json\2.1.2.RELEASE\spring-boot-starter-json-2.1.2.RELEASE.jar;D:\repo\com\fasterxml\jackson\datatype\jackson-datatype-jdk8\2.9.8\jackson-datatype-jdk8-2.9.8.jar;D:\repo\com\fasterxml\jackson\datatype\jackson-datatype-jsr310\2.9.8\jackson-datatype-jsr310-2.9.8.jar;D:\repo\com\fasterxml\jackson\module\jackson-module-parameter-names\2.9.8\jackson-module-parameter-names-2.9.8.jar;D:\repo\org\springframework\boot\spring-boot-starter-tomcat\2.1.2.RELEASE\spring-boot-starter-tomcat-2.1.2.RELEASE.jar;D:\repo\org\apache\tomcat\embed\tomcat-embed-core\9.0.14\tomcat-embed-core-9.0.14.jar;D:\repo\org\apache\tomcat\embed\tomcat-embed-el\9.0.14\tomcat-embed-el-9.0.14.jar;D:\repo\org\apache\tomcat\embed\tomcat-embed-websocket\9.0.14\tomcat-embed-websocket-9.0.14.jar;D:\repo\org\hibernate\validator\hibernate-validator\6.0.14.Final\hibernate-validator-6.0.14.Final.jar;D:\repo\javax\validation\validation-api\2.0.1.Final\validation-api-2.0.1.Final.jar;D:\repo\org\jboss\logging\jboss-logging\3.3.2.Final\jboss-logging-3.3.2.Final.jar;D:\repo\com\fasterxml\classmate\1.4.0\classmate-1.4.0.jar;D:\repo\org\springframework\spring-web\5.1.4.RELEASE\spring-web-5.1.4.RELEASE.jar;D:\repo\org\springframework\spring-beans\5.1.4.RELEASE\spring-beans-5.1.4.RELEASE.jar;D:\repo\org\springframework\spring-webmvc\5.1.4.RELEASE\spring-webmvc-5.1.4.RELEASE.jar;D:\repo\org\springframework\spring-expression\5.1.4.RELEASE\spring-expression-5.1.4.RELEASE.jar;D:\repo\org\springframework\boot\spring-boot-starter-test\2.1.2.RELEASE\spring-boot-starter-test-2.1.2.RELEASE.jar;D:\repo\org\springframework\boot\spring-boot-test\2.1.2.RELEASE\spring-boot-test-2.1.2.RELEASE.jar;D:\repo\org\springframework\boot\spring-boot-test-autoconfigure\2.1.2.RELEASE\spring-boot-test-autoconfigure-2.1.2.RELEASE.jar;D:\repo\com\jayway\jsonpath\json-path\2.4.0\json-path-2.4.0.jar;D:\repo\net\minidev\json-smart\2.3\json-smart-2.3.jar;D:\repo\net\minidev\accessors-smart\1.2\accessors-smart-1.2.jar;D:\repo\org\ow2\asm\asm\5.0.4\asm-5.0.4.jar;D:\repo\org\slf4j\slf4j-api\1.7.25\slf4j-api-1.7.25.jar;D:\repo\junit\junit\4.12\junit-4.12.jar;D:\repo\org\assertj\assertj-core\3.11.1\assertj-core-3.11.1.jar;D:\repo\org\mockito\mockito-core\2.23.4\mockito-core-2.23.4.jar;D:\repo\net\bytebuddy\byte-buddy\1.9.7\byte-buddy-1.9.7.jar;D:\repo\net\bytebuddy\byte-buddy-agent\1.9.7\byte-buddy-agent-1.9.7.jar;D:\repo\org\objenesis\objenesis\2.6\objenesis-2.6.jar;D:\repo\org\hamcrest\hamcrest-core\1.3\hamcrest-core-1.3.jar;D:\repo\org\hamcrest\hamcrest-library\1.3\hamcrest-library-1.3.jar;D:\repo\org\skyscreamer\jsonassert\1.5.0\jsonassert-1.5.0.jar;D:\repo\com\vaadin\external\google\android-json\0.0.20131108.vaadin1\android-json-0.0.20131108.vaadin1.jar;D:\repo\org\springframework\spring-core\5.1.4.RELEASE\spring-core-5.1.4.RELEASE.jar;D:\repo\org\springframework\spring-jcl\5.1.4.RELEASE\spring-jcl-5.1.4.RELEASE.jar;D:\repo\org\springframework\spring-test\5.1.4.RELEASE\spring-test-5.1.4.RELEASE.jar;D:\repo\org\xmlunit\xmlunit-core\2.6.2\xmlunit-core-2.6.2.jar;D:\repo\org\springframework\boot\spring-boot-starter-aop\2.1.2.RELEASE\spring-boot-starter-aop-2.1.2.RELEASE.jar;D:\repo\org\springframework\spring-aop\5.1.4.RELEASE\spring-aop-5.1.4.RELEASE.jar;D:\repo\org\aspectj\aspectjweaver\1.9.2\aspectjweaver-1.9.2.jar;D:\repo\org\springframework\boot\spring-boot-starter-data-redis\2.1.2.RELEASE\spring-boot-starter-data-redis-2.1.2.RELEASE.jar;D:\repo\org\springframework\data\spring-data-redis\2.1.4.RELEASE\spring-data-redis-2.1.4.RELEASE.jar;D:\repo\org\springframework\data\spring-data-keyvalue\2.1.4.RELEASE\spring-data-keyvalue-2.1.4.RELEASE.jar;D:\repo\org\springframework\data\spring-data-commons\2.1.4.RELEASE\spring-data-commons-2.1.4.RELEASE.jar;D:\repo\org\springframework\spring-tx\5.1.4.RELEASE\spring-tx-5.1.4.RELEASE.jar;D:\repo\org\springframework\spring-oxm\5.1.4.RELEASE\spring-oxm-5.1.4.RELEASE.jar;D:\repo\org\springframework\spring-context-support\5.1.4.RELEASE\spring-context-support-5.1.4.RELEASE.jar;D:\repo\io\lettuce\lettuce-core\5.1.3.RELEASE\lettuce-core-5.1.3.RELEASE.jar;D:\repo\io\projectreactor\reactor-core\3.2.5.RELEASE\reactor-core-3.2.5.RELEASE.jar;D:\repo\org\reactivestreams\reactive-streams\1.0.2\reactive-streams-1.0.2.jar;D:\repo\io\netty\netty-common\4.1.42.Final\netty-common-4.1.42.Final.jar;D:\repo\io\netty\netty-transport\4.1.42.Final\netty-transport-4.1.42.Final.jar;D:\repo\io\netty\netty-buffer\4.1.42.Final\netty-buffer-4.1.42.Final.jar;D:\repo\io\netty\netty-resolver\4.1.42.Final\netty-resolver-4.1.42.Final.jar;D:\repo\io\netty\netty-handler\4.1.42.Final\netty-handler-4.1.42.Final.jar;D:\repo\io\netty\netty-codec\4.1.42.Final\netty-codec-4.1.42.Final.jar;D:\repo\com\alibaba\fastjson\1.2.51\fastjson-1.2.51.jar;D:\repo\com\alibaba\druid\1.1.12\druid-1.1.12.jar;D:\repo\mysql\mysql-connector-java\8.0.13\mysql-connector-java-8.0.13.jar;D:\repo\org\mybatis\spring\boot\mybatis-spring-boot-starter\1.3.2\mybatis-spring-boot-starter-1.3.2.jar;D:\repo\org\springframework\boot\spring-boot-starter-jdbc\2.1.2.RELEASE\spring-boot-starter-jdbc-2.1.2.RELEASE.jar;D:\repo\com\zaxxer\HikariCP\3.2.0\HikariCP-3.2.0.jar;D:\repo\org\springframework\spring-jdbc\5.1.4.RELEASE\spring-jdbc-5.1.4.RELEASE.jar;D:\repo\org\mybatis\spring\boot\mybatis-spring-boot-autoconfigure\1.3.2\mybatis-spring-boot-autoconfigure-1.3.2.jar;D:\repo\org\mybatis\mybatis\3.4.6\mybatis-3.4.6.jar;D:\repo\org\mybatis\mybatis-spring\1.3.2\mybatis-spring-1.3.2.jar;D:\repo\org\projectlombok\lombok\1.18.4\lombok-1.18.4.jar;D:\repo\io\jsonwebtoken\jjwt\0.9.1\jjwt-0.9.1.jar;D:\repo\com\fasterxml\jackson\core\jackson-databind\2.9.8\jackson-databind-2.9.8.jar;D:\repo\com\fasterxml\jackson\core\jackson-annotations\2.9.0\jackson-annotations-2.9.0.jar;D:\repo\com\fasterxml\jackson\core\jackson-core\2.9.8\jackson-core-2.9.8.jar;D:\repo\com\google\protobuf\protobuf-java\3.7.1\protobuf-java-3.7.1.jar;D:\repo\io\netty\netty-all\4.1.42.Final\netty-all-4.1.42.Final.jar;D:\repo\com\squareup\okhttp3\okhttp\3.8.1\okhttp-3.8.1.jar;D:\repo\com\squareup\okio\okio\1.13.0\okio-1.13.0.jar;D:\repo\org\apache\commons\commons-lang3\3.8.1\commons-lang3-3.8.1.jar;"/>
    <property name="sun.cpu.endian" value="little"/>
    <property name="user.home" value="C:\Users\86185"/>
    <property name="user.language" value="zh"/>
    <property name="java.specification.vendor" value="Oracle Corporation"/>
    <property name="java.home" value="D:\SoftInstall\Java\jdk1.8.202\jre"/>
    <property name="basedir" value="D:\ProjectData\github\him-vue-netty\him-netty-master\him-api"/>
    <property name="file.separator" value="\"/>
    <property name="line.separator" value="&#10;"/>
    <property name="java.vm.specification.vendor" value="Oracle Corporation"/>
    <property name="java.specification.name" value="Java Platform API Specification"/>
    <property name="java.awt.graphicsenv" value="sun.awt.Win32GraphicsEnvironment"/>
    <property name="surefire.real.class.path" value="d:\AppData\Local\Temp\surefire2189663892908933017\surefirebooter8125335341301113103.jar"/>
    <property name="sun.boot.class.path" value="D:\SoftInstall\Java\jdk1.8.202\jre\lib\resources.jar;D:\SoftInstall\Java\jdk1.8.202\jre\lib\rt.jar;D:\SoftInstall\Java\jdk1.8.202\jre\lib\sunrsasign.jar;D:\SoftInstall\Java\jdk1.8.202\jre\lib\jsse.jar;D:\SoftInstall\Java\jdk1.8.202\jre\lib\jce.jar;D:\SoftInstall\Java\jdk1.8.202\jre\lib\charsets.jar;D:\SoftInstall\Java\jdk1.8.202\jre\lib\jfr.jar;D:\SoftInstall\Java\jdk1.8.202\jre\classes"/>
    <property name="user.script" value=""/>
    <property name="sun.management.compiler" value="HotSpot 64-Bit Tiered Compilers"/>
    <property name="java.runtime.version" value="1.8.0_202-b08"/>
    <property name="user.name" value="86185"/>
    <property name="path.separator" value=";"/>
    <property name="os.version" value="10.0"/>
    <property name="java.endorsed.dirs" value="D:\SoftInstall\Java\jdk1.8.202\jre\lib\endorsed"/>
    <property name="java.runtime.name" value="Java(TM) SE Runtime Environment"/>
    <property name="file.encoding" value="GBK"/>
    <property name="java.vm.name" value="Java HotSpot(TM) 64-Bit Server VM"/>
    <property name="localRepository" value="D:\repo"/>
    <property name="java.vendor.url.bug" value="http://bugreport.sun.com/bugreport/"/>
    <property name="java.io.tmpdir" value="d:\AppData\Local\Temp\"/>
    <property name="java.version" value="1.8.0_202"/>
    <property name="user.dir" value="D:\ProjectData\github\him-vue-netty\him-netty-master\him-api"/>
    <property name="os.arch" value="amd64"/>
    <property name="java.vm.specification.name" value="Java Virtual Machine Specification"/>
    <property name="java.awt.printerjob" value="sun.awt.windows.WPrinterJob"/>
    <property name="sun.os.patch.level" value=""/>
    <property name="java.library.path" value="D:\SoftInstall\Java\jdk1.8.202\jre\bin;C:\windows\Sun\Java\bin;C:\windows\system32;C:\windows;C:\ProgramData\DockerDesktop\version-bin;C:\Program Files\Docker\Docker\Resources\bin;C:\Python27\;C:\Python27\Scripts;C:\dev\Xshell 6\;D:\SoftInstall\xftp\;D:\SoftInstall\Java\jdk1.8.202\bin;C:\Program Files (x86)\Common Files\Oracle\Java\javapath;C:\windows\system32;C:\windows;C:\windows\System32\Wbem;C:\windows\System32\WindowsPowerShell\v1.0\;C:\windows\System32\OpenSSH\;C:\Program Files\Intel\WiFi\bin\;C:\Program Files\Common Files\Intel\WirelessCommon\;C:\Program Files\SourceGear\Common\DiffMerge\;D:\SoftInstall\maven\bin;C:\Program Files\TortoiseSVN\bin;C:\Program Files\EmEditor;C:\ProgramData\chocolatey\bin;D:\dev\MariaDB 10.4\bin;C:\Program Files\TortoiseGit\bin;D:\SoftInstall\Git\cmd;%KAFKA_HOME%\bin;D:\dev\nodejs\;C:\Program Files\MySQL\MySQL Shell 8.0\bin\;C:\Users\86185\AppData\Local\Microsoft\WindowsApps;d:\Programs\Fiddler;;d:\dev\Docker Toolbox;C:\Users\86185\AppData\Roaming\npm;."/>
    <property name="java.vm.info" value="mixed mode"/>
    <property name="java.vendor" value="Oracle Corporation"/>
    <property name="java.vm.version" value="25.202-b08"/>
    <property name="java.ext.dirs" value="D:\SoftInstall\Java\jdk1.8.202\jre\lib\ext;C:\windows\Sun\Java\lib\ext"/>
    <property name="sun.io.unicode.encoding" value="UnicodeLittle"/>
    <property name="java.class.version" value="52.0"/>
  </properties>
  <testcase name="updateGroup" classname="com.lmxdawn.him.api.service.group.impl.GroupServiceImplTest" time="0.306"/>
  <testcase name="insertGroup" classname="com.lmxdawn.him.api.service.group.impl.GroupServiceImplTest" time="0.005"/>
  <testcase name="listByGroupIdIn" classname="com.lmxdawn.him.api.service.group.impl.GroupServiceImplTest" time="0.029"/>
  <testcase name="findByGroupId" classname="com.lmxdawn.him.api.service.group.impl.GroupServiceImplTest" time="0.01"/>
  <testcase name="deleteByGroupId" classname="com.lmxdawn.him.api.service.group.impl.GroupServiceImplTest" time="0.009"/>
</testsuite>